Crashlog created at 2013-03-03 21:13:09 -0500

=== MESSAGE:

RuntimeError: Found 2 content files for content/assets/style/stylesheet; expected 0 or 1

=== COMPILATION STACK:

  (empty)

=== BACKTRACE:

  0. /Users/julia/.rvm/gems/ruby-1.9.3-p327/gems/nanoc-3.4.2/lib/nanoc/data_sources/filesystem.rb:164:in `block in all_split_files_in'
  1. /Users/julia/.rvm/gems/ruby-1.9.3-p327/gems/nanoc-3.4.2/lib/nanoc/data_sources/filesystem.rb:154:in `each_pair'
  2. /Users/julia/.rvm/gems/ruby-1.9.3-p327/gems/nanoc-3.4.2/lib/nanoc/data_sources/filesystem.rb:154:in `all_split_files_in'
  3. /Users/julia/.rvm/gems/ruby-1.9.3-p327/gems/nanoc-3.4.2/lib/nanoc/data_sources/filesystem.rb:78:in `load_objects'
  4. /Users/julia/.rvm/gems/ruby-1.9.3-p327/gems/nanoc-3.4.2/lib/nanoc/data_sources/filesystem.rb:37:in `items'
  5. /Users/julia/.rvm/gems/ruby-1.9.3-p327/gems/nanoc-3.4.2/lib/nanoc/base/source_data/site.rb:314:in `block in load_items'
  6. /Users/julia/.rvm/gems/ruby-1.9.3-p327/gems/nanoc-3.4.2/lib/nanoc/base/source_data/site.rb:313:in `each'
  7. /Users/julia/.rvm/gems/ruby-1.9.3-p327/gems/nanoc-3.4.2/lib/nanoc/base/source_data/site.rb:313:in `load_items'
  8. /Users/julia/.rvm/gems/ruby-1.9.3-p327/gems/nanoc-3.4.2/lib/nanoc/base/source_data/site.rb:247:in `load'
  9. /Users/julia/.rvm/gems/ruby-1.9.3-p327/gems/nanoc-3.4.2/lib/nanoc/base/source_data/site.rb:127:in `layouts'
  10. /Users/julia/.rvm/gems/ruby-1.9.3-p327/gems/nanoc-3.4.2/lib/nanoc/base/compilation/compiler.rb:185:in `dependency_tracker'
  11. /Users/julia/.rvm/gems/ruby-1.9.3-p327/gems/nanoc-3.4.2/lib/nanoc/base/memoization.rb:56:in `block in memoize'
  12. /Users/julia/.rvm/gems/ruby-1.9.3-p327/gems/nanoc-3.4.2/lib/nanoc/base/compilation/compiler.rb:453:in `stores'
  13. /Users/julia/.rvm/gems/ruby-1.9.3-p327/gems/nanoc-3.4.2/lib/nanoc/base/compilation/compiler.rb:144:in `unload'
  14. /Users/julia/.rvm/gems/ruby-1.9.3-p327/gems/nanoc-3.4.2/lib/nanoc/base/source_data/site.rb:278:in `unload'
  15. /Users/julia/.rvm/gems/ruby-1.9.3-p327/gems/nanoc-3.4.2/lib/nanoc/base/source_data/site.rb:258:in `rescue in load'
  16. /Users/julia/.rvm/gems/ruby-1.9.3-p327/gems/nanoc-3.4.2/lib/nanoc/base/source_data/site.rb:262:in `load'
  17. /Users/julia/.rvm/gems/ruby-1.9.3-p327/gems/nanoc-3.4.2/lib/nanoc/base/compilation/compiler.rb:112:in `load'
  18. /Users/julia/.rvm/gems/ruby-1.9.3-p327/gems/nanoc-3.4.2/lib/nanoc/base/compilation/compiler.rb:82:in `run'
  19. /Users/julia/.rvm/gems/ruby-1.9.3-p327/gems/nanoc-3.4.2/lib/nanoc/base/source_data/site.rb:58:in `compile'
  20. /Users/julia/.rvm/gems/ruby-1.9.3-p327/gems/nanoc-3.4.2/lib/nanoc/cli/commands/compile.rb:62:in `run'
  21. /Users/julia/.rvm/gems/ruby-1.9.3-p327/gems/nanoc-3.4.2/lib/nanoc/cli/command_runner.rb:14:in `block in call'
  22. /Users/julia/.rvm/gems/ruby-1.9.3-p327/gems/nanoc-3.4.2/lib/nanoc/cli/error_handler.rb:63:in `handle_while'
  23. /Users/julia/.rvm/gems/ruby-1.9.3-p327/gems/nanoc-3.4.2/lib/nanoc/cli/error_handler.rb:26:in `handle_while'
  24. /Users/julia/.rvm/gems/ruby-1.9.3-p327/gems/nanoc-3.4.2/lib/nanoc/cli/command_runner.rb:13:in `call'
  25. /Users/julia/.rvm/gems/ruby-1.9.3-p327/gems/cri-2.3.0/lib/cri/command_dsl.rb:185:in `block in runner'
  26. /Users/julia/.rvm/gems/ruby-1.9.3-p327/gems/cri-2.3.0/lib/cri/command.rb:296:in `call'
  27. /Users/julia/.rvm/gems/ruby-1.9.3-p327/gems/cri-2.3.0/lib/cri/command.rb:296:in `run_this'
  28. /Users/julia/.rvm/gems/ruby-1.9.3-p327/gems/cri-2.3.0/lib/cri/command.rb:249:in `run'
  29. /Users/julia/.rvm/gems/ruby-1.9.3-p327/gems/nanoc-3.4.2/lib/nanoc/cli/commands/nanoc.rb:39:in `block in define'
  30. /Users/julia/.rvm/gems/ruby-1.9.3-p327/gems/cri-2.3.0/lib/cri/command.rb:296:in `call'
  31. /Users/julia/.rvm/gems/ruby-1.9.3-p327/gems/cri-2.3.0/lib/cri/command.rb:296:in `run_this'
  32. /Users/julia/.rvm/gems/ruby-1.9.3-p327/gems/cri-2.3.0/lib/cri/command.rb:249:in `run'
  33. /Users/julia/.rvm/gems/ruby-1.9.3-p327/gems/nanoc-3.4.2/lib/nanoc/cli.rb:52:in `block in run'
  34. /Users/julia/.rvm/gems/ruby-1.9.3-p327/gems/nanoc-3.4.2/lib/nanoc/cli/error_handler.rb:63:in `handle_while'
  35. /Users/julia/.rvm/gems/ruby-1.9.3-p327/gems/nanoc-3.4.2/lib/nanoc/cli/error_handler.rb:26:in `handle_while'
  36. /Users/julia/.rvm/gems/ruby-1.9.3-p327/gems/nanoc-3.4.2/lib/nanoc/cli.rb:50:in `run'
  37. /Users/julia/.rvm/gems/ruby-1.9.3-p327/gems/nanoc-3.4.2/bin/nanoc:19:in `<top (required)>'
  38. /Users/julia/.rvm/gems/ruby-1.9.3-p327/bin/nanoc:19:in `load'
  39. /Users/julia/.rvm/gems/ruby-1.9.3-p327/bin/nanoc:19:in `<main>'
  40. /Users/julia/.rvm/gems/ruby-1.9.3-p327/bin/ruby_noexec_wrapper:14:in `eval'
  41. /Users/julia/.rvm/gems/ruby-1.9.3-p327/bin/ruby_noexec_wrapper:14:in `<main>'

=== VERSION INFORMATION:

nanoc 3.4.2 © 2007-2012 Denis Defreyne.
Running ruby 1.9.3 (2012-11-10) on x86_64-darwin12.0.0 with RubyGems 1.8.24.

=== SYSTEM INFORMATION:

Darwin Julias-MacBook-Air.local 12.2.1 Darwin Kernel Version 12.2.1: Thu Oct 18 16:32:48 PDT 2012; root:xnu-2050.20.9~2/RELEASE_X86_64 x86_64

=== INSTALLED GEMS:

  actionmailer 3.2.1, 3.2.3, 3.2.9, 3.2.12
  actionpack 3.2.1, 3.2.3, 3.2.9, 3.2.12
  activemodel 3.2.1, 3.2.3, 3.2.9, 3.2.12
  activerecord 3.2.1, 3.2.3, 3.2.9, 3.2.12
  activerecord-import 0.3.1
  activeresource 3.2.1, 3.2.3, 3.2.9, 3.2.12
  activesupport 3.2.1, 3.2.3, 3.2.9, 3.2.12
  addressable 2.2.7, 2.3.2, 2.3.3
  adsf 1.1.1
  arel 3.0.2
  awesome_print 1.0.2
  bcrypt-ruby 3.0.1
  better_errors 0.6.0, 0.7.0
  binding_of_caller 0.7.1
  bourne 1.1.2
  builder 3.0.0, 3.0.4
  bundler 1.2.3
  cancan 1.6.7, 1.6.8
  capybara 1.1.2, 2.0.2
  carrierwave 0.6.2
  childprocess 0.3.1, 0.3.5, 0.3.6
  choice 0.1.6
  chronic 0.6.7, 0.7.0, 0.9.0, 0.9.1
  coderay 1.0.8, 1.0.9
  coffee-rails 3.2.2
  coffee-script 2.2.0
  coffee-script-source 1.3.1, 1.3.3, 1.4.0, 1.5.0
  colored 1.2
  commonjs 0.2.6
  contextio 0.4.0
  cri 2.3.0
  cucumber 1.1.9, 1.2.1
  cucumber-rails 1.3.0
  daemons 1.1.9
  database_cleaner 0.7.2, 0.8.0, 0.9.1
  debug_inspector 0.0.2
  devise 2.1.2
  diff-lcs 1.1.3
  email_spec 1.2.1, 1.4.0
  erubis 2.7.0
  eventmachine 1.0.0
  excon 0.16.10
  execjs 1.3.0, 1.4.0
  factory_girl 3.1.0, 4.0.0, 4.1.0, 4.2.0
  factory_girl_rails 3.1.0, 4.0.0, 4.1.0, 4.2.1
  faker 1.0.1, 1.1.2
  faraday 0.8.5, 0.8.6
  ffi 1.0.11, 1.1.5, 1.3.0
  foreman 0.60.2
  geokit 1.6.5
  gherkin 2.9.3, 2.11.1, 2.11.5
  gmaps4rails 1.4.8, 1.5.6
  google-webfonts 0.1.2
  heroku-api 0.3.7
  hike 1.2.1
  hirb 0.6.2, 0.7.0, 0.7.1
  httpclient 2.3.0.1
  i18n 0.6.0, 0.6.1, 0.6.2
  ice_cube 0.9.3
  journey 1.0.3, 1.0.4
  jquery-rails 2.0.2, 2.2.1
  jquery-ui-rails 0.4.0, 1.1.0, 3.0.0, 4.0.1
  json 1.6.6, 1.7.4, 1.7.5, 1.7.7
  json_pure 1.7.4
  koala 1.6.0
  kramdown 0.14.1
  launchy 2.1.0, 2.1.2
  less 2.2.1, 2.2.2
  less-rails 2.2.2, 2.2.3, 2.2.6
  libv8 3.3.10.4, 3.11.8.4, 3.11.8.13, 3.11.8.13
  libwebsocket 0.1.5, 0.1.7.1
  mail 2.4.4
  metaclass 0.0.1
  mime-types 1.18, 1.19, 1.21
  minitest 2.11.4
  mocha 0.10.5, 0.12.3
  multi_json 1.2.0, 1.3.6, 1.4.0, 1.5.0, 1.6.1
  multipart-post 1.1.5
  nanoc 3.4.2
  netrc 0.7.7
  nifty-generators 0.4.6
  nokogiri 1.5.2, 1.5.5, 1.5.6
  oauth 0.4.7
  on_the_spot 1.0.1
  orm_adapter 0.4.0
  pg 0.14.0, 0.14.1
  polyglot 0.3.3
  populator 1.0.0
  populator3 0.2.7
  rack 1.4.1, 1.4.5
  rack-cache 1.2
  rack-ssl 1.3.2, 1.3.3
  rack-test 0.6.1, 0.6.2
  rails 3.2.1, 3.2.3, 3.2.9, 3.2.12
  rails-erd 1.0.0
  railties 3.2.1, 3.2.3, 3.2.9, 3.2.12
  rake 0.9.2.2, 10.0.2, 10.0.3
  rdoc 3.12, 3.12.1, 3.12.2
  ref 1.0.0, 1.0.2
  rest-client 1.6.7
  rspec 2.9.0, 2.11.0
  rspec-core 2.9.0, 2.11.1
  rspec-expectations 2.9.1, 2.11.2
  rspec-mocks 2.9.0, 2.11.1
  ruby-graphviz 1.0.8
  rubygems-bundler 1.1.0
  rubyzip 0.9.7, 0.9.9
  rvm 1.11.3.5
  sass 3.1.15, 3.1.20, 3.2.5, 3.2.6
  sass-rails 3.2.5, 3.2.6
  selenium-webdriver 2.20.0, 2.25.0, 2.27.2
  shoulda 3.0.1, 3.1.1, 3.3.2
  shoulda-context 1.0.0, 1.0.2
  shoulda-matchers 1.0.0, 1.2.0, 1.4.2
  simple_form 2.0.1, 2.0.2, 2.0.4
  simplecov 0.6.1, 0.6.4, 0.7.1
  simplecov-html 0.5.3, 0.7.1
  smusher 0.4.9
  sprockets 2.1.2, 2.1.3, 2.2.2
  sqlite3 1.3.5, 1.3.7
  tconsole 1.1.1
  term-ansicolor 1.0.7
  therubyracer 0.10.2, 0.11.0beta7, 0.11.0, 0.11.1, 0.11.3
  thin 1.5.0
  thor 0.14.6, 0.16.0, 0.17.0
  tilt 1.3.3
  timeliness 0.3.6, 0.3.7
  treetop 1.4.10, 1.4.12
  twitter-bootstrap-rails 2.0.6, 2.2.0, 2.2.4
  tzinfo 0.3.33, 0.3.35
  uglifier 1.2.4, 1.2.7, 1.3.0
  validates_timeliness 3.0.11, 3.0.12, 3.0.14
  warden 1.2.1
  websocket 1.0.6
  will_paginate 3.0.3, 3.0.4
  wirble 0.1.3
  xpath 0.1.4, 1.0.0

=== ENVIRONMENT:

Apple_PubSub_Socket_Render => "/tmp/launch-Vnani3/Render"
Apple_Ubiquity_Message => "/tmp/launch-fxf9Q5/Apple_Ubiquity_Message"
COMMAND_MODE => "unix2003"
GEM_HOME => "/Users/julia/.rvm/gems/ruby-1.9.3-p327"
GEM_PATH => "/Users/julia/.rvm/gems/ruby-1.9.3-p327:/Users/julia/.rvm/gems/ruby-1.9.3-p327@global"
HOME => "/Users/julia"
IRBRC => "/Users/julia/.rvm/rubies/ruby-1.9.3-p327/.irbrc"
LANG => "en_US.UTF-8"
LOGNAME => "julia"
MY_RUBY_HOME => "/Users/julia/.rvm/rubies/ruby-1.9.3-p327"
OLDPWD => "/Users/julia/Documents"
PATH => "/usr/local/heroku/bin:/usr/local/bin:/Users/julia/.rvm/gems/ruby-1.9.3-p327/bin:/Users/julia/.rvm/gems/ruby-1.9.3-p327@global/bin:/Users/julia/.rvm/rubies/ruby-1.9.3-p327/bin:/Users/julia/.rvm/bin:/usr/local/bin:/usr/local/bin:/usr/bin:/bin:/usr/sbin:/sbin:/usr/local/bin:/usr/local/git/bin:/Users/julia/.rvm/bin"
PWD => "/Users/julia/Documents/green-bean-frontend"
RUBY_VERSION => "ruby-1.9.3-p327"
SHELL => "/bin/zsh"
SHLVL => "1"
SSH_AUTH_SOCK => "/tmp/launch-EdloEz/Listeners"
TERM => "xterm-256color"
TERM_PROGRAM => "Apple_Terminal"
TERM_PROGRAM_VERSION => "309"
TERM_SESSION_ID => "69295686-C593-43E2-BDBD-59589541DA31"
TMPDIR => "/var/folders/_v/vm265dk54g3cz6t318tvss6r0000gn/T/"
USER => "julia"
_ => "/Users/julia/.rvm/gems/ruby-1.9.3-p327/bin/nanoc"
_ORIGINAL_GEM_PATH => "/Users/julia/.rvm/gems/ruby-1.9.3-p327:/Users/julia/.rvm/gems/ruby-1.9.3-p327@global"
__CF_USER_TEXT_ENCODING => "0x1F5:0:0"
__array_start => "1"
_first => "1"
_second => "2"
escape_flag => "1"
rvm_alias_expanded => ""
rvm_bin_path => "/Users/julia/.rvm/bin"
rvm_docs_type => ""
rvm_gemstone_package_file => ""
rvm_gemstone_url => ""
rvm_hook => ""
rvm_niceness => ""
rvm_nightly_flag => ""
rvm_path => "/Users/julia/.rvm"
rvm_prefix => "/Users/julia"
rvm_proxy => ""
rvm_quiet_flag => ""
rvm_ruby_file => ""
rvm_ruby_make => ""
rvm_ruby_make_install => ""
rvm_ruby_mode => ""
rvm_script_name => ""
rvm_sdk => ""
rvm_silent_flag => ""
rvm_version => "1.17.2 (stable)"
rvm_wrapper_name => ""

=== $LOAD_PATH:

  0. /Users/julia/.rvm/gems/ruby-1.9.3-p327/gems/nanoc-3.4.2/lib
  1. /Users/julia/.rvm/gems/ruby-1.9.3-p327@global/gems/rubygems-bundler-1.1.0/lib
  2. /Users/julia/.rvm/gems/ruby-1.9.3-p327/gems/bundler-1.2.3/lib
  3. /Users/julia/.rvm/gems/ruby-1.9.3-p327/gems/colored-1.2/lib
  4. /Users/julia/.rvm/gems/ruby-1.9.3-p327/gems/cri-2.3.0/lib
  5. /Users/julia/.rvm/gems/ruby-1.9.3-p327/gems/nanoc-3.4.2/lib
  6. /Users/julia/.rvm/rubies/ruby-1.9.3-p327/lib/ruby/site_ruby/1.9.1
  7. /Users/julia/.rvm/rubies/ruby-1.9.3-p327/lib/ruby/site_ruby/1.9.1/x86_64-darwin12.0.0
  8. /Users/julia/.rvm/rubies/ruby-1.9.3-p327/lib/ruby/site_ruby
  9. /Users/julia/.rvm/rubies/ruby-1.9.3-p327/lib/ruby/vendor_ruby/1.9.1
  10. /Users/julia/.rvm/rubies/ruby-1.9.3-p327/lib/ruby/vendor_ruby/1.9.1/x86_64-darwin12.0.0
  11. /Users/julia/.rvm/rubies/ruby-1.9.3-p327/lib/ruby/vendor_ruby
  12. /Users/julia/.rvm/rubies/ruby-1.9.3-p327/lib/ruby/1.9.1
  13. /Users/julia/.rvm/rubies/ruby-1.9.3-p327/lib/ruby/1.9.1/x86_64-darwin12.0.0
